<?xml version="1.0" encoding="UTF-8"?>
<testsuite xmlns:xsi="http://www.w3.org/2001/XMLSchema-instance" xsi:noNamespaceSchemaLocation="https://maven.apache.org/surefire/maven-surefire-plugin/xsd/surefire-test-report-3.0.xsd" version="3.0" name="org.example.AppTest" time="0.071" tests="1" errors="0" skipped="0" failures="0">
  <properties>
    <property name="sun.desktop" value="windows"/>
    <property name="awt.toolkit" value="sun.awt.windows.WToolkit"/>
    <property name="file.encoding.pkg" value="sun.io"/>
    <property name="java.specification.version" value="1.8"/>
    <property name="sun.cpu.isalist" value="amd64"/>
    <property name="sun.jnu.encoding" value="Cp1252"/>
    <property name="java.class.path" value="C:\Users\Ash Garringer\JavaProjects\ShootOffMaven\target\test-classes;C:\Users\Ash Garringer\JavaProjects\ShootOffMaven\target\classes;C:\Users\Ash Garringer\JavaProjects\ShootOffMaven\libs\slf4j-api-1.7.25.jar;C:\Users\Ash Garringer\JavaProjects\ShootOffMaven\libs\opencv-2.4.13-0.jar;C:\Users\Ash Garringer\JavaProjects\ShootOffMaven\libs\xuggle-xuggler-5.4.jar;C:\Users\Ash Garringer\JavaProjects\ShootOffMaven\libs\logback-classic-1.2.3.jar;C:\Users\Ash Garringer\JavaProjects\ShootOffMaven\libs\marytts-common-5.1.2.jar;C:\Users\Ash Garringer\JavaProjects\ShootOffMaven\libs\marytts-lang-en-5.1.2.jar;C:\Users\Ash Garringer\JavaProjects\ShootOffMaven\libs\marytts-runtime-5.1.2.jar;C:\Users\Ash Garringer\JavaProjects\ShootOffMaven\libs\marytts-signalproc-5.1.2.jar;C:\Users\Ash Garringer\JavaProjects\ShootOffMaven\libs\gson-2.8.0.jar;C:\Users\Ash Garringer\.m2\repository\com\google\code\findbugs\annotations\3.0.1\annotations-3.0.1.jar;C:\Users\Ash Garringer\.m2\repository\net\jcip\jcip-annotations\1.0\jcip-annotations-1.0.jar;C:\Users\Ash Garringer\.m2\repository\com\google\code\findbugs\jsr305\3.0.1\jsr305-3.0.1.jar;C:\Users\Ash Garringer\.m2\repository\com\getsentry\raven\raven-logback\7.0.0\raven-logback-7.0.0.jar;C:\Users\Ash Garringer\.m2\repository\com\getsentry\raven\raven\7.0.0\raven-7.0.0.jar;C:\Users\Ash Garringer\.m2\repository\com\fasterxml\jackson\core\jackson-core\2.5.0\jackson-core-2.5.0.jar;C:\Users\Ash Garringer\.m2\repository\com\google\guava\guava\18.0\guava-18.0.jar;C:\Users\Ash Garringer\.m2\repository\ch\qos\logback\logback-core\1.2.3\logback-core-1.2.3.jar;C:\Users\Ash Garringer\.m2\repository\ch\qos\logback\logback-classic\1.2.3\logback-classic-1.2.3.jar;C:\Users\Ash Garringer\.m2\repository\com\nativelibs4java\bridj\0.7.0\bridj-0.7.0.jar;C:\Users\Ash Garringer\.m2\repository\com\google\android\tools\dx\1.7\dx-1.7.jar;C:\Users\Ash Garringer\.m2\repository\com\github\sarxos\webcam-capture\0.3.12\webcam-capture-0.3.12.jar;C:\Users\Ash Garringer\.m2\repository\com\github\sarxos\webcam-capture-driver-v4l4j\0.3.12\webcam-capture-driver-v4l4j-0.3.12.jar;C:\Users\Ash Garringer\.m2\repository\com\github\sarxos\v4l4j\0.9.1-r507\v4l4j-0.9.1-r507.jar;C:\Users\Ash Garringer\.m2\repository\com\github\sarxos\webcam-capture-driver-ipcam\0.3.12\webcam-capture-driver-ipcam-0.3.12.jar;C:\Users\Ash Garringer\.m2\repository\commons-cli\commons-cli\1.4\commons-cli-1.4.jar;C:\Users\Ash Garringer\.m2\repository\org\apache\httpcomponents\httpclient\4.5.13\httpclient-4.5.13.jar;C:\Users\Ash Garringer\.m2\repository\org\apache\httpcomponents\httpcore\4.4.13\httpcore-4.4.13.jar;C:\Users\Ash Garringer\.m2\repository\commons-logging\commons-logging\1.2\commons-logging-1.2.jar;C:\Users\Ash Garringer\.m2\repository\commons-codec\commons-codec\1.11\commons-codec-1.11.jar;C:\Users\Ash Garringer\.m2\repository\org\apache\httpcomponents\httpmime\4.5.13\httpmime-4.5.13.jar;C:\Users\Ash Garringer\.m2\repository\com\googlecode\json-simple\json-simple\1.1.1\json-simple-1.1.1.jar;C:\Users\Ash Garringer\.m2\repository\org\openimaj\core\1.3.10\core-1.3.10.jar;C:\Users\Ash Garringer\.m2\repository\org\openimaj\core-citation\1.3.10\core-citation-1.3.10.jar;C:\Users\Ash Garringer\.m2\repository\org\openimaj\core-aop-support\1.3.10\core-aop-support-1.3.10.jar;C:\Users\Ash Garringer\.m2\repository\javassist\javassist\3.12.1.GA\javassist-3.12.1.GA.jar;C:\Users\Ash Garringer\.m2\repository\org\jbibtex\jbibtex\1.0.2\jbibtex-1.0.2.jar;C:\Users\Ash Garringer\.m2\repository\net\sf\trove4j\trove4j\3.0.2\trove4j-3.0.2.jar;C:\Users\Ash Garringer\.m2\repository\colt\colt\1.2.0\colt-1.2.0.jar;C:\Users\Ash Garringer\.m2\repository\concurrent\concurrent\1.3.4\concurrent-1.3.4.jar;C:\Users\Ash Garringer\.m2\repository\org\apache\logging\log4j\log4j-core\2.11.0\log4j-core-2.11.0.jar;C:\Users\Ash Garringer\.m2\repository\org\apache\logging\log4j\log4j-api\2.11.0\log4j-api-2.11.0.jar;C:\Users\Ash Garringer\.m2\repository\commons-lang\commons-lang\2.6\commons-lang-2.6.jar;C:\Users\Ash Garringer\.m2\repository\commons-io\commons-io\2.6\commons-io-2.6.jar;C:\Users\Ash Garringer\.m2\repository\org\apache\commons\commons-vfs2\2.0\commons-vfs2-2.0.jar;C:\Users\Ash Garringer\.m2\repository\org\apache\maven\scm\maven-scm-api\1.4\maven-scm-api-1.4.jar;C:\Users\Ash Garringer\.m2\repository\org\codehaus\plexus\plexus-utils\1.5.6\plexus-utils-1.5.6.jar;C:\Users\Ash Garringer\.m2\repository\org\apache\maven\scm\maven-scm-provider-svnexe\1.4\maven-scm-provider-svnexe-1.4.jar;C:\Users\Ash Garringer\.m2\repository\org\apache\maven\scm\maven-scm-provider-svn-commons\1.4\maven-scm-provider-svn-commons-1.4.jar;C:\Users\Ash Garringer\.m2\repository\regexp\regexp\1.3\regexp-1.3.jar;C:\Users\Ash Garringer\.m2\repository\com\esotericsoftware\kryo\kryo\2.21\kryo-2.21.jar;C:\Users\Ash Garringer\.m2\repository\com\esotericsoftware\reflectasm\reflectasm\1.07\reflectasm-1.07-shaded.jar;C:\Users\Ash Garringer\.m2\repository\org\ow2\asm\asm\4.0\asm-4.0.jar;C:\Users\Ash Garringer\.m2\repository\com\esotericsoftware\minlog\minlog\1.2\minlog-1.2.jar;C:\Users\Ash Garringer\.m2\repository\org\objenesis\objenesis\1.2\objenesis-1.2.jar;C:\Users\Ash Garringer\.m2\repository\vigna\dsi\unimi\it\jal\20031117\jal-20031117.jar;C:\Users\Ash Garringer\.m2\repository\org\apache\ant\ant\1.8.4\ant-1.8.4.jar;C:\Users\Ash Garringer\.m2\repository\org\apache\ant\ant-launcher\1.8.4\ant-launcher-1.8.4.jar;C:\Users\Ash Garringer\.m2\repository\uk\com\robust-it\cloning\1.9.10\cloning-1.9.10.jar;C:\Users\Ash Garringer\.m2\repository\com\github\oshi\oshi-core\3.4.0\oshi-core-3.4.0.jar;C:\Users\Ash Garringer\.m2\repository\net\java\dev\jna\jna-platform\4.2.2\jna-platform-4.2.2.jar;C:\Users\Ash Garringer\.m2\repository\net\java\dev\jna\jna\4.2.2\jna-4.2.2.jar;C:\Users\Ash Garringer\.m2\repository\org\jsoup\jsoup\1.13.1\jsoup-1.13.1.jar;C:\Users\Ash Garringer\.m2\repository\net\sf\bluecove\bluecove\2.1.0\bluecove-2.1.0.jar;C:\Users\Ash Garringer\.m2\repository\net\sf\bluecove\bluecove-gpl\2.1.0\bluecove-gpl-2.1.0.jar;C:\Users\Ash Garringer\.m2\repository\com\google\zxing\core\3.3.0\core-3.3.0.jar;C:\Users\Ash Garringer\.m2\repository\com\google\code\gson\gson\2.8.0\gson-2.8.0.jar;C:\Users\Ash Garringer\.m2\repository\junit\junit\4.13.1\junit-4.13.1.jar;C:\Users\Ash Garringer\.m2\repository\org\hamcrest\hamcrest-core\1.3\hamcrest-core-1.3.jar;"/>
    <property name="java.vm.vendor" value="Amazon.com Inc."/>
    <property name="sun.arch.data.model" value="64"/>
    <property name="user.variant" value=""/>
    <property name="java.vendor.url" value="https://aws.amazon.com/corretto/"/>
    <property name="user.timezone" value="America/Chicago"/>
    <property name="java.vm.specification.version" value="1.8"/>
    <property name="os.name" value="Windows 11"/>
    <property name="user.country" value="US"/>
    <property name="sun.java.launcher" value="SUN_STANDARD"/>
    <property name="sun.boot.library.path" value="C:\Program Files\Amazon Corretto\jdk1.8.0_432\jre\bin"/>
    <property name="sun.java.command" value="C:\Users\Ash Garringer\AppData\Local\Temp\surefire1812273621586421262\surefirebooter-20241224155448069_3.jar C:\Users\Ash Garringer\AppData\Local\Temp\surefire1812273621586421262 2024-12-24T15-54-47_456-jvmRun1 surefire-20241224155448069_1tmp surefire_0-20241224155448069_2tmp"/>
    <property name="surefire.test.class.path" value="C:\Users\Ash Garringer\JavaProjects\ShootOffMaven\target\test-classes;C:\Users\Ash Garringer\JavaProjects\ShootOffMaven\target\classes;C:\Users\Ash Garringer\JavaProjects\ShootOffMaven\libs\slf4j-api-1.7.25.jar;C:\Users\Ash Garringer\JavaProjects\ShootOffMaven\libs\opencv-2.4.13-0.jar;C:\Users\Ash Garringer\JavaProjects\ShootOffMaven\libs\xuggle-xuggler-5.4.jar;C:\Users\Ash Garringer\JavaProjects\ShootOffMaven\libs\logback-classic-1.2.3.jar;C:\Users\Ash Garringer\JavaProjects\ShootOffMaven\libs\marytts-common-5.1.2.jar;C:\Users\Ash Garringer\JavaProjects\ShootOffMaven\libs\marytts-lang-en-5.1.2.jar;C:\Users\Ash Garringer\JavaProjects\ShootOffMaven\libs\marytts-runtime-5.1.2.jar;C:\Users\Ash Garringer\JavaProjects\ShootOffMaven\libs\marytts-signalproc-5.1.2.jar;C:\Users\Ash Garringer\JavaProjects\ShootOffMaven\libs\gson-2.8.0.jar;C:\Users\Ash Garringer\.m2\repository\com\google\code\findbugs\annotations\3.0.1\annotations-3.0.1.jar;C:\Users\Ash Garringer\.m2\repository\net\jcip\jcip-annotations\1.0\jcip-annotations-1.0.jar;C:\Users\Ash Garringer\.m2\repository\com\google\code\findbugs\jsr305\3.0.1\jsr305-3.0.1.jar;C:\Users\Ash Garringer\.m2\repository\com\getsentry\raven\raven-logback\7.0.0\raven-logback-7.0.0.jar;C:\Users\Ash Garringer\.m2\repository\com\getsentry\raven\raven\7.0.0\raven-7.0.0.jar;C:\Users\Ash Garringer\.m2\repository\com\fasterxml\jackson\core\jackson-core\2.5.0\jackson-core-2.5.0.jar;C:\Users\Ash Garringer\.m2\repository\com\google\guava\guava\18.0\guava-18.0.jar;C:\Users\Ash Garringer\.m2\repository\ch\qos\logback\logback-core\1.2.3\logback-core-1.2.3.jar;C:\Users\Ash Garringer\.m2\repository\ch\qos\logback\logback-classic\1.2.3\logback-classic-1.2.3.jar;C:\Users\Ash Garringer\.m2\repository\com\nativelibs4java\bridj\0.7.0\bridj-0.7.0.jar;C:\Users\Ash Garringer\.m2\repository\com\google\android\tools\dx\1.7\dx-1.7.jar;C:\Users\Ash Garringer\.m2\repository\com\github\sarxos\webcam-capture\0.3.12\webcam-capture-0.3.12.jar;C:\Users\Ash Garringer\.m2\repository\com\github\sarxos\webcam-capture-driver-v4l4j\0.3.12\webcam-capture-driver-v4l4j-0.3.12.jar;C:\Users\Ash Garringer\.m2\repository\com\github\sarxos\v4l4j\0.9.1-r507\v4l4j-0.9.1-r507.jar;C:\Users\Ash Garringer\.m2\repository\com\github\sarxos\webcam-capture-driver-ipcam\0.3.12\webcam-capture-driver-ipcam-0.3.12.jar;C:\Users\Ash Garringer\.m2\repository\commons-cli\commons-cli\1.4\commons-cli-1.4.jar;C:\Users\Ash Garringer\.m2\repository\org\apache\httpcomponents\httpclient\4.5.13\httpclient-4.5.13.jar;C:\Users\Ash Garringer\.m2\repository\org\apache\httpcomponents\httpcore\4.4.13\httpcore-4.4.13.jar;C:\Users\Ash Garringer\.m2\repository\commons-logging\commons-logging\1.2\commons-logging-1.2.jar;C:\Users\Ash Garringer\.m2\repository\commons-codec\commons-codec\1.11\commons-codec-1.11.jar;C:\Users\Ash Garringer\.m2\repository\org\apache\httpcomponents\httpmime\4.5.13\httpmime-4.5.13.jar;C:\Users\Ash Garringer\.m2\repository\com\googlecode\json-simple\json-simple\1.1.1\json-simple-1.1.1.jar;C:\Users\Ash Garringer\.m2\repository\org\openimaj\core\1.3.10\core-1.3.10.jar;C:\Users\Ash Garringer\.m2\repository\org\openimaj\core-citation\1.3.10\core-citation-1.3.10.jar;C:\Users\Ash Garringer\.m2\repository\org\openimaj\core-aop-support\1.3.10\core-aop-support-1.3.10.jar;C:\Users\Ash Garringer\.m2\repository\javassist\javassist\3.12.1.GA\javassist-3.12.1.GA.jar;C:\Users\Ash Garringer\.m2\repository\org\jbibtex\jbibtex\1.0.2\jbibtex-1.0.2.jar;C:\Users\Ash Garringer\.m2\repository\net\sf\trove4j\trove4j\3.0.2\trove4j-3.0.2.jar;C:\Users\Ash Garringer\.m2\repository\colt\colt\1.2.0\colt-1.2.0.jar;C:\Users\Ash Garringer\.m2\repository\concurrent\concurrent\1.3.4\concurrent-1.3.4.jar;C:\Users\Ash Garringer\.m2\repository\org\apache\logging\log4j\log4j-core\2.11.0\log4j-core-2.11.0.jar;C:\Users\Ash Garringer\.m2\repository\org\apache\logging\log4j\log4j-api\2.11.0\log4j-api-2.11.0.jar;C:\Users\Ash Garringer\.m2\repository\commons-lang\commons-lang\2.6\commons-lang-2.6.jar;C:\Users\Ash Garringer\.m2\repository\commons-io\commons-io\2.6\commons-io-2.6.jar;C:\Users\Ash Garringer\.m2\repository\org\apache\commons\commons-vfs2\2.0\commons-vfs2-2.0.jar;C:\Users\Ash Garringer\.m2\repository\org\apache\maven\scm\maven-scm-api\1.4\maven-scm-api-1.4.jar;C:\Users\Ash Garringer\.m2\repository\org\codehaus\plexus\plexus-utils\1.5.6\plexus-utils-1.5.6.jar;C:\Users\Ash Garringer\.m2\repository\org\apache\maven\scm\maven-scm-provider-svnexe\1.4\maven-scm-provider-svnexe-1.4.jar;C:\Users\Ash Garringer\.m2\repository\org\apache\maven\scm\maven-scm-provider-svn-commons\1.4\maven-scm-provider-svn-commons-1.4.jar;C:\Users\Ash Garringer\.m2\repository\regexp\regexp\1.3\regexp-1.3.jar;C:\Users\Ash Garringer\.m2\repository\com\esotericsoftware\kryo\kryo\2.21\kryo-2.21.jar;C:\Users\Ash Garringer\.m2\repository\com\esotericsoftware\reflectasm\reflectasm\1.07\reflectasm-1.07-shaded.jar;C:\Users\Ash Garringer\.m2\repository\org\ow2\asm\asm\4.0\asm-4.0.jar;C:\Users\Ash Garringer\.m2\repository\com\esotericsoftware\minlog\minlog\1.2\minlog-1.2.jar;C:\Users\Ash Garringer\.m2\repository\org\objenesis\objenesis\1.2\objenesis-1.2.jar;C:\Users\Ash Garringer\.m2\repository\vigna\dsi\unimi\it\jal\20031117\jal-20031117.jar;C:\Users\Ash Garringer\.m2\repository\org\apache\ant\ant\1.8.4\ant-1.8.4.jar;C:\Users\Ash Garringer\.m2\repository\org\apache\ant\ant-launcher\1.8.4\ant-launcher-1.8.4.jar;C:\Users\Ash Garringer\.m2\repository\uk\com\robust-it\cloning\1.9.10\cloning-1.9.10.jar;C:\Users\Ash Garringer\.m2\repository\com\github\oshi\oshi-core\3.4.0\oshi-core-3.4.0.jar;C:\Users\Ash Garringer\.m2\repository\net\java\dev\jna\jna-platform\4.2.2\jna-platform-4.2.2.jar;C:\Users\Ash Garringer\.m2\repository\net\java\dev\jna\jna\4.2.2\jna-4.2.2.jar;C:\Users\Ash Garringer\.m2\repository\org\jsoup\jsoup\1.13.1\jsoup-1.13.1.jar;C:\Users\Ash Garringer\.m2\repository\net\sf\bluecove\bluecove\2.1.0\bluecove-2.1.0.jar;C:\Users\Ash Garringer\.m2\repository\net\sf\bluecove\bluecove-gpl\2.1.0\bluecove-gpl-2.1.0.jar;C:\Users\Ash Garringer\.m2\repository\com\google\zxing\core\3.3.0\core-3.3.0.jar;C:\Users\Ash Garringer\.m2\repository\com\google\code\gson\gson\2.8.0\gson-2.8.0.jar;C:\Users\Ash Garringer\.m2\repository\junit\junit\4.13.1\junit-4.13.1.jar;C:\Users\Ash Garringer\.m2\repository\org\hamcrest\hamcrest-core\1.3\hamcrest-core-1.3.jar;"/>
    <property name="sun.cpu.endian" value="little"/>
    <property name="user.home" value="C:\Users\Ash Garringer"/>
    <property name="user.language" value="en"/>
    <property name="java.specification.vendor" value="Oracle Corporation"/>
    <property name="java.home" value="C:\Program Files\Amazon Corretto\jdk1.8.0_432\jre"/>
    <property name="basedir" value="C:\Users\Ash Garringer\JavaProjects\ShootOffMaven"/>
    <property name="file.separator" value="\"/>
    <property name="line.separator" value="&#10;"/>
    <property name="java.vm.specification.vendor" value="Oracle Corporation"/>
    <property name="java.specification.name" value="Java Platform API Specification"/>
    <property name="java.awt.graphicsenv" value="sun.awt.Win32GraphicsEnvironment"/>
    <property name="surefire.real.class.path" value="C:\Users\Ash Garringer\AppData\Local\Temp\surefire1812273621586421262\surefirebooter-20241224155448069_3.jar"/>
    <property name="sun.boot.class.path" value="C:\Program Files\Amazon Corretto\jdk1.8.0_432\jre\lib\resources.jar;C:\Program Files\Amazon Corretto\jdk1.8.0_432\jre\lib\rt.jar;C:\Program Files\Amazon Corretto\jdk1.8.0_432\jre\lib\sunrsasign.jar;C:\Program Files\Amazon Corretto\jdk1.8.0_432\jre\lib\jsse.jar;C:\Program Files\Amazon Corretto\jdk1.8.0_432\jre\lib\jce.jar;C:\Program Files\Amazon Corretto\jdk1.8.0_432\jre\lib\charsets.jar;C:\Program Files\Amazon Corretto\jdk1.8.0_432\jre\lib\jfr.jar;C:\Program Files\Amazon Corretto\jdk1.8.0_432\jre\classes"/>
    <property name="user.script" value=""/>
    <property name="sun.management.compiler" value="HotSpot 64-Bit Tiered Compilers"/>
    <property name="java.runtime.version" value="1.8.0_432-b06"/>
    <property name="user.name" value="Ash Garringer"/>
    <property name="path.separator" value=";"/>
    <property name="os.version" value="10.0"/>
    <property name="java.endorsed.dirs" value="C:\Program Files\Amazon Corretto\jdk1.8.0_432\jre\lib\endorsed"/>
    <property name="java.runtime.name" value="OpenJDK Runtime Environment"/>
    <property name="file.encoding" value="Cp1252"/>
    <property name="java.vm.name" value="OpenJDK 64-Bit Server VM"/>
    <property name="localRepository" value="C:\Users\Ash Garringer\.m2\repository"/>
    <property name="java.vendor.url.bug" value="https://github.com/corretto/corretto-8/issues/"/>
    <property name="java.io.tmpdir" value="C:\Users\ASHGAR~1\AppData\Local\Temp\"/>
    <property name="java.version" value="1.8.0_432"/>
    <property name="user.dir" value="C:\Users\Ash Garringer\JavaProjects\ShootOffMaven"/>
    <property name="os.arch" value="amd64"/>
    <property name="java.vm.specification.name" value="Java Virtual Machine Specification"/>
    <property name="java.awt.printerjob" value="sun.awt.windows.WPrinterJob"/>
    <property name="sun.os.patch.level" value=""/>
    <property name="java.library.path" value="C:\Program Files\Amazon Corretto\jdk1.8.0_432\jre\bin;C:\Windows\Sun\Java\bin;C:\Windows\system32;C:\Windows;C:\Program Files\Gradle 4.1\bin;C:\Program Files\Amazon Corretto\jdk1.8.0_432\bin;C:\Windows\system32;C:\Windows;C:\Windows\System32\Wbem;C:\Windows\System32\WindowsPowerShell\v1.0\;C:\Windows\System32\OpenSSH\;C:\Program Files\Git\cmd;C:\Users\Ash Garringer\AppData\Local\Microsoft\WindowsApps;C:\Program Files\Maven\Maven 3.9.9\bin;;."/>
    <property name="java.vm.info" value="mixed mode"/>
    <property name="java.vendor" value="Amazon.com Inc."/>
    <property name="java.vm.version" value="25.432-b06"/>
    <property name="java.specification.maintenance.version" value="6"/>
    <property name="java.ext.dirs" value="C:\Program Files\Amazon Corretto\jdk1.8.0_432\jre\lib\ext;C:\Windows\Sun\Java\lib\ext"/>
    <property name="sun.io.unicode.encoding" value="UnicodeLittle"/>
    <property name="java.class.version" value="52.0"/>
  </properties>
  <testcase name="testApp" classname="org.example.AppTest" time="0.0"/>
</testsuite>